#
# There is insufficient memory for the Java Runtime Environment to continue.
# Native memory allocation (malloc) failed to allocate 32744 bytes for ChunkPool::allocate
# Possible reasons:
#   The system is out of physical RAM or swap space
#   The process is running with CompressedOops enabled, and the Java Heap may be blocking the growth of the native heap
# Possible solutions:
#   Reduce memory load on the system
#   Increase physical memory or swap space
#   Check if swap backing store is full
#   Decrease Java heap size (-Xmx/-Xms)
#   Decrease number of Java threads
#   Decrease Java thread stack sizes (-Xss)
#   Set larger code cache with -XX:ReservedCodeCacheSize=
#   JVM is running with Unscaled Compressed Oops mode in which the Java heap is
#     placed in the first 4GB address space. The Java Heap base address is the
#     maximum limit for the native heap growth. Please use -XX:HeapBaseMinAddress
#     to set the Java Heap base and to place the Java Heap above 4GB virtual address.
# This output file may be truncated or incomplete.
#
#  Out of Memory Error (arena.cpp:78), pid=26664, tid=28412
#
# JRE version: Java(TM) SE Runtime Environment (17.0.2+8) (build 17.0.2+8-LTS-86)
# Java VM: Java HotSpot(TM) 64-Bit Server VM (17.0.2+8-LTS-86, mixed mode, sharing, tiered, compressed oops, compressed class ptrs, g1 gc, windows-amd64)
# No core dump will be written. Minidumps are not enabled by default on client versions of Windows
#

---------------  S U M M A R Y ------------

Command Line: org.jetbrains.kotlin.cli.jvm.K2JVMCompiler @D:\Kuliah\Semester 5\Praktikum\PGPBL\ACARA7\AwesomeProject\node_modules\@react-native\gradle-plugin\build\20231201_5255395092356019050.compiler.options

Host: AMD Ryzen 7 5700U with Radeon Graphics         , 16 cores, 5G,  Windows 11 , 64 bit Build 22621 (10.0.22621.2506)
Time: Fri Dec  1 22:56:36 2023 SE Asia Standard Time elapsed time: 35.991852 seconds (0d 0h 0m 35s)

---------------  T H R E A D  ---------------

Current thread (0x000002ca4debecc0):  JavaThread "C2 CompilerThread3" daemon [_thread_in_native, id=28412, stack(0x000000d4c1400000,0x000000d4c1500000)]


Current CompileTask:
C2:  35991 17549       4       org.jetbrains.kotlin.backend.jvm.ir.JvmIrTypeUtilsKt::eraseTypeParameters (548 bytes)

Stack: [0x000000d4c1400000,0x000000d4c1500000]
Native frames: (J=compiled Java code, j=interpreted, Vv=VM code, C=native code)
V  [jvm.dll+0x670baa]
V  [jvm.dll+0x7cfcb4]
V  [jvm.dll+0x7d145e]
V  [jvm.dll+0x7d1ac3]
V  [jvm.dll+0x242bc5]
V  [jvm.dll+0xaa7c0]
V  [jvm.dll+0xaab0c]
V  [jvm.dll+0x364f8c]
V  [jvm.dll+0x55bda8]
V  [jvm.dll+0x55adc0]
V  [jvm.dll+0x55b9c3]
V  [jvm.dll+0x32a360]
V  [jvm.dll+0x3297da]
V  [jvm.dll+0x215c91]
V  [jvm.dll+0x2150b1]
V  [jvm.dll+0x1a1bbd]
V  [jvm.dll+0x224908]
V  [jvm.dll+0x222a6c]
V  [jvm.dll+0x7859bb]
V  [jvm.dll+0x77ff7a]
V  [jvm.dll+0x66fa35]
C  [ucrtbase.dll+0x29363]
C  [KERNEL32.DLL+0x1257d]
C  [ntdll.dll+0x5aa58]


---------------  P R O C E S S  ---------------

Threads class SMR info:
_java_thread_list=0x000002ca5b16ea80, length=19, elements={
0x000002ca2d945eb0, 0x000002ca4b133610, 0x000002ca4b134480, 0x000002ca4b14bae0,
0x000002ca4b14e9a0, 0x000002ca4b14f350, 0x000002ca4b14fd00, 0x000002ca4b151aa0,
0x000002ca4b152540, 0x000002ca4b155e60, 0x000002ca4bcdf080, 0x000002ca4bcedd30,
0x000002ca4c33c900, 0x000002ca4ec7fa30, 0x000002ca57dd0820, 0x000002ca5834b5f0,
0x000002ca4d480040, 0x000002ca4debecc0, 0x000002ca4dec1030
}

Java Threads: ( => current thread )
  0x000002ca2d945eb0 JavaThread "main" [_thread_in_Java, id=19160, stack(0x000000d4bee00000,0x000000d4bef00000)]
  0x000002ca4b133610 JavaThread "Reference Handler" daemon [_thread_blocked, id=31640, stack(0x000000d4bf500000,0x000000d4bf600000)]
  0x000002ca4b134480 JavaThread "Finalizer" daemon [_thread_blocked, id=20348, stack(0x000000d4bf600000,0x000000d4bf700000)]
  0x000002ca4b14bae0 JavaThread "Signal Dispatcher" daemon [_thread_blocked, id=30868, stack(0x000000d4bf700000,0x000000d4bf800000)]
  0x000002ca4b14e9a0 JavaThread "Attach Listener" daemon [_thread_blocked, id=31668, stack(0x000000d4bf800000,0x000000d4bf900000)]
  0x000002ca4b14f350 JavaThread "Service Thread" daemon [_thread_blocked, id=29868, stack(0x000000d4bf900000,0x000000d4bfa00000)]
  0x000002ca4b14fd00 JavaThread "Monitor Deflation Thread" daemon [_thread_blocked, id=8940, stack(0x000000d4bfa00000,0x000000d4bfb00000)]
  0x000002ca4b151aa0 JavaThread "C2 CompilerThread0" daemon [_thread_in_native, id=29644, stack(0x000000d4bfb00000,0x000000d4bfc00000)]
  0x000002ca4b152540 JavaThread "C1 CompilerThread0" daemon [_thread_blocked, id=30824, stack(0x000000d4bfc00000,0x000000d4bfd00000)]
  0x000002ca4b155e60 JavaThread "Sweeper thread" daemon [_thread_blocked, id=28048, stack(0x000000d4bfd00000,0x000000d4bfe00000)]
  0x000002ca4bcdf080 JavaThread "Notification Thread" daemon [_thread_blocked, id=29280, stack(0x000000d4bff00000,0x000000d4c0000000)]
  0x000002ca4bcedd30 JavaThread "Common-Cleaner" daemon [_thread_blocked, id=31508, stack(0x000000d4c0100000,0x000000d4c0200000)]
  0x000002ca4c33c900 JavaThread "C1 CompilerThread1" daemon [_thread_blocked, id=30712, stack(0x000000d4c0a00000,0x000000d4c0b00000)]
  0x000002ca4ec7fa30 JavaThread "C1 CompilerThread2" daemon [_thread_in_vm, id=12576, stack(0x000000d4c0b00000,0x000000d4c0c00000)]
  0x000002ca57dd0820 JavaThread "C1 CompilerThread3" daemon [_thread_in_native, id=30976, stack(0x000000d4c0c00000,0x000000d4c0d00000)]
  0x000002ca5834b5f0 JavaThread "C2 CompilerThread1" daemon [_thread_in_native, id=26716, stack(0x000000d4c1200000,0x000000d4c1300000)]
  0x000002ca4d480040 JavaThread "C2 CompilerThread2" daemon [_thread_in_native, id=26936, stack(0x000000d4c1300000,0x000000d4c1400000)]
=>0x000002ca4debecc0 JavaThread "C2 CompilerThread3" daemon [_thread_in_native, id=28412, stack(0x000000d4c1400000,0x000000d4c1500000)]
  0x000002ca4dec1030 JavaThread "C2 CompilerThread4" daemon [_thread_in_native, id=1984, stack(0x000000d4c1500000,0x000000d4c1600000)]

Other Threads:
  0x000002ca4b12ea10 VMThread "VM Thread" [stack: 0x000000d4bf400000,0x000000d4bf500000] [id=22200]
  0x000002ca4bce28e0 WatcherThread [stack: 0x000000d4c0000000,0x000000d4c0100000] [id=23744]
  0x000002ca2d97d090 GCTaskThread "GC Thread#0" [stack: 0x000000d4bef00000,0x000000d4bf000000] [id=25732]
  0x000002ca4c218b50 GCTaskThread "GC Thread#1" [stack: 0x000000d4c0500000,0x000000d4c0600000] [id=30612]
  0x000002ca4c4a05f0 GCTaskThread "GC Thread#2" [stack: 0x000000d4c0600000,0x000000d4c0700000] [id=26440]
  0x000002ca4c4a08a0 GCTaskThread "GC Thread#3" [stack: 0x000000d4c0700000,0x000000d4c0800000] [id=28000]
  0x000002ca4c4a0b50 GCTaskThread "GC Thread#4" [stack: 0x000000d4c0800000,0x000000d4c0900000] [id=22608]
  0x000002ca4bc1fd00 GCTaskThread "GC Thread#5" [stack: 0x000000d4bfe00000,0x000000d4bff00000] [id=3772]
  0x000002ca4bdeb7a0 GCTaskThread "GC Thread#6" [stack: 0x000000d4c0200000,0x000000d4c0300000] [id=28160]
  0x000002ca4bf48dc0 GCTaskThread "GC Thread#7" [stack: 0x000000d4c0300000,0x000000d4c0400000] [id=31200]
  0x000002ca4c67a3d0 GCTaskThread "GC Thread#8" [stack: 0x000000d4c0400000,0x000000d4c0500000] [id=3448]
  0x000002ca4c67b950 GCTaskThread "GC Thread#9" [stack: 0x000000d4c0900000,0x000000d4c0a00000] [id=27552]
  0x000002ca4c67b6a0 GCTaskThread "GC Thread#10" [stack: 0x000000d4c0d00000,0x000000d4c0e00000] [id=26944]
  0x000002ca4c67a930 GCTaskThread "GC Thread#11" [stack: 0x000000d4c0e00000,0x000000d4c0f00000] [id=31524]
  0x000002ca4c67abe0 GCTaskThread "GC Thread#12" [stack: 0x000000d4c0f00000,0x000000d4c1000000] [id=2864]
  0x000002ca2d989b90 ConcurrentGCThread "G1 Main Marker" [stack: 0x000000d4bf000000,0x000000d4bf100000] [id=2308]
  0x000002ca2d98a5a0 ConcurrentGCThread "G1 Conc#0" [stack: 0x000000d4bf100000,0x000000d4bf200000] [id=28044]
  0x000002ca4c679e70 ConcurrentGCThread "G1 Conc#1" [stack: 0x000000d4c1000000,0x000000d4c1100000] [id=2760]
  0x000002ca4c67ae90 ConcurrentGCThread "G1 Conc#2" [stack: 0x000000d4c1100000,0x000000d4c1200000] [id=27332]
  0x000002ca2da08be0 ConcurrentGCThread "G1 Refine#0" [stack: 0x000000d4bf200000,0x000000d4bf300000] [id=29640]
  0x000002ca4ed17cb0 ConcurrentGCThread "G1 Refine#1" [stack: 0x000000d4c1600000,0x000000d4c1700000] [id=24384]
  0x000002ca4c7f3340 ConcurrentGCThread "G1 Refine#2" [stack: 0x000000d4c1700000,0x000000d4c1800000] [id=31320]
  0x000002ca4c7f41a0 ConcurrentGCThread "G1 Refine#3" [stack: 0x000000d4c1800000,0x000000d4c1900000] [id=27828]
  0x000002ca4c7f4480 ConcurrentGCThread "G1 Refine#4" [stack: 0x000000d4c1900000,0x000000d4c1a00000] [id=20732]
  0x000002ca4c7f4a40 ConcurrentGCThread "G1 Refine#5" [stack: 0x000000d4c1a00000,0x000000d4c1b00000] [id=12620]
  0x000002ca4c7f4760 ConcurrentGCThread "G1 Refine#6" [stack: 0x000000d4c1b00000,0x000000d4c1c00000] [id=16448]
  0x000002ca4c7f4d20 ConcurrentGCThread "G1 Refine#7" [stack: 0x000000d4c1c00000,0x000000d4c1d00000] [id=25052]
  0x000002ca4c7f3060 ConcurrentGCThread "G1 Refine#8" [stack: 0x000000d4c1d00000,0x000000d4c1e00000] [id=19908]
  0x000002ca4c7f3900 ConcurrentGCThread "G1 Refine#9" [stack: 0x000000d4c1e00000,0x000000d4c1f00000] [id=26880]
  0x000002ca2da09600 ConcurrentGCThread "G1 Service" [stack: 0x000000d4bf300000,0x000000d4bf400000] [id=31176]

Threads with active compile tasks:
C2 CompilerThread0    36026 17638       4       org.jetbrains.kotlin.codegen.signature.JvmSignatureWriter::writeAsmType (73 bytes)
C1 CompilerThread2    36026 17897       3       org.jetbrains.kotlin.types.DefaultTypeAttributeTranslator::toAnnotations (11 bytes)
C1 CompilerThread3    36026 17855       3       org.jetbrains.kotlin.codegen.inline.SourceMapCopier::<init> (43 bytes)
C2 CompilerThread1    36026 17170       4       org.jetbrains.kotlin.types.typeUtil.TypeUtilsKt::contains (19 bytes)
C2 CompilerThread2    36027 17589       4       org.jetbrains.kotlin.types.AbstractTypeMapper::mapType (540 bytes)
C2 CompilerThread3    36027 17549       4       org.jetbrains.kotlin.backend.jvm.ir.JvmIrTypeUtilsKt::eraseTypeParameters (548 bytes)
C2 CompilerThread4    36027 17701       4       org.jetbrains.kotlin.utils.SmartSet::add (216 bytes)

VM state: not at safepoint (normal execution)

VM Mutex/Monitor currently owned by a thread: None

Heap address: 0x00000000a2200000, size: 1502 MB, Compressed Oops mode: 32-bit

CDS archive(s) mapped at: [0x0000000800000000-0x0000000800bc0000-0x0000000800bc0000), size 12320768, SharedBaseAddress: 0x0000000800000000, ArchiveRelocationMode: 0.
Compressed class space mapped at: 0x0000000800c00000-0x0000000840c00000, reserved size: 1073741824
Narrow klass base: 0x0000000800000000, Narrow klass shift: 0, Narrow klass range: 0x100000000

GC Precious Log:
 CPUs: 16 total, 16 available
 Memory: 6005M
 Large Page Support: Disabled
 NUMA Support: Disabled
 Compressed Oops: Enabled (32-bit)
 Heap Region Size: 1M
 Heap Min Capacity: 8M
 Heap Initial Capacity: 94M
 Heap Max Capacity: 1502M
 Pre-touch: Disabled
 Parallel Workers: 13
 Concurrent Workers: 3
 Concurrent Refinement Workers: 13
 Periodic GC: Disabled

Heap:
 garbage-first heap   total 169984K, used 136685K [0x00000000a2200000, 0x0000000100000000)
  region size 1024K, 52 young (53248K), 1 survivors (1024K)
 Metaspace       used 78322K, committed 78720K, reserved 1122304K
  class space    used 8320K, committed 8512K, reserved 1048576K

Heap Regions: E=young(eden), S=young(survivor), O=old, HS=humongous(starts), HC=humongous(continues), CS=collection set, F=free, OA=open archive, CA=closed archive, TAMS=top-at-mark-start (previous, next)
|   0|0x00000000a2200000, 0x00000000a2300000, 0x00000000a2300000|100%|HS|  |TAMS 0x00000000a2300000, 0x00000000a2200000| Complete 
|   1|0x00000000a2300000, 0x00000000a2400000, 0x00000000a2400000|100%|HC|  |TAMS 0x00000000a2400000, 0x00000000a2300000| Complete 
|   2|0x00000000a2400000, 0x00000000a2500000, 0x00000000a2500000|100%|HC|  |TAMS 0x00000000a2500000, 0x00000000a2400000| Complete 
|   3|0x00000000a2500000, 0x00000000a2600000, 0x00000000a2600000|100%|HC|  |TAMS 0x00000000a2600000, 0x00000000a2500000| Complete 
|   4|0x00000000a2600000, 0x00000000a2700000, 0x00000000a2700000|100%| O|  |TAMS 0x00000000a2700000, 0x00000000a2600000| Untracked 
|   5|0x00000000a2700000, 0x00000000a2800000, 0x00000000a2800000|100%| O|  |TAMS 0x00000000a2800000, 0x00000000a2700000| Untracked 
|   6|0x00000000a2800000, 0x00000000a2900000, 0x00000000a2900000|100%| O|  |TAMS 0x00000000a2900000, 0x00000000a2800000| Untracked 
|   7|0x00000000a2900000, 0x00000000a2a00000, 0x00000000a2a00000|100%| O|  |TAMS 0x00000000a2a00000, 0x00000000a2900000| Untracked 
|   8|0x00000000a2a00000, 0x00000000a2b00000, 0x00000000a2b00000|100%|HS|  |TAMS 0x00000000a2b00000, 0x00000000a2a00000| Complete 
|   9|0x00000000a2b00000, 0x00000000a2c00000, 0x00000000a2c00000|100%|HC|  |TAMS 0x00000000a2c00000, 0x00000000a2b00000| Complete 
|  10|0x00000000a2c00000, 0x00000000a2d00000, 0x00000000a2d00000|100%|HC|  |TAMS 0x00000000a2d00000, 0x00000000a2c00000| Complete 
|  11|0x00000000a2d00000, 0x00000000a2e00000, 0x00000000a2e00000|100%|HC|  |TAMS 0x00000000a2e00000, 0x00000000a2d00000| Complete 
|  12|0x00000000a2e00000, 0x00000000a2f00000, 0x00000000a2f00000|100%|HS|  |TAMS 0x00000000a2f00000, 0x00000000a2e00000| Complete 
|  13|0x00000000a2f00000, 0x00000000a3000000, 0x00000000a3000000|100%| O|  |TAMS 0x00000000a3000000, 0x00000000a2f00000| Untracked 
|  14|0x00000000a3000000, 0x00000000a3100000, 0x00000000a3100000|100%| O|  |TAMS 0x00000000a3100000, 0x00000000a3000000| Untracked 
|  15|0x00000000a3100000, 0x00000000a3200000, 0x00000000a3200000|100%| O|  |TAMS 0x00000000a3200000, 0x00000000a3100000| Untracked 
|  16|0x00000000a3200000, 0x00000000a3300000, 0x00000000a3300000|100%| O|  |TAMS 0x00000000a3300000, 0x00000000a3200000| Untracked 
|  17|0x00000000a3300000, 0x00000000a3400000, 0x00000000a3400000|100%| O|  |TAMS 0x00000000a3400000, 0x00000000a3300000| Untracked 
|  18|0x00000000a3400000, 0x00000000a3500000, 0x00000000a3500000|100%| O|  |TAMS 0x00000000a3500000, 0x00000000a3400000| Untracked 
|  19|0x00000000a3500000, 0x00000000a3600000, 0x00000000a3600000|100%| O|  |TAMS 0x00000000a3600000, 0x00000000a3500000| Untracked 
|  20|0x00000000a3600000, 0x00000000a3700000, 0x00000000a3700000|100%| O|  |TAMS 0x00000000a3700000, 0x00000000a3600000| Untracked 
|  21|0x00000000a3700000, 0x00000000a3800000, 0x00000000a3800000|100%| O|  |TAMS 0x00000000a3800000, 0x00000000a3700000| Untracked 
|  22|0x00000000a3800000, 0x00000000a3900000, 0x00000000a3900000|100%| O|  |TAMS 0x00000000a3900000, 0x00000000a3800000| Untracked 
|  23|0x00000000a3900000, 0x00000000a3a00000, 0x00000000a3a00000|100%| O|  |TAMS 0x00000000a3a00000, 0x00000000a3900000| Untracked 
|  24|0x00000000a3a00000, 0x00000000a3b00000, 0x00000000a3b00000|100%| O|  |TAMS 0x00000000a3b00000, 0x00000000a3a00000| Untracked 
|  25|0x00000000a3b00000, 0x00000000a3c00000, 0x00000000a3c00000|100%| O|  |TAMS 0x00000000a3c00000, 0x00000000a3b00000| Untracked 
|  26|0x00000000a3c00000, 0x00000000a3d00000, 0x00000000a3d00000|100%| O|  |TAMS 0x00000000a3d00000, 0x00000000a3c00000| Untracked 
|  27|0x00000000a3d00000, 0x00000000a3e00000, 0x00000000a3e00000|100%| O|  |TAMS 0x00000000a3e00000, 0x00000000a3d00000| Untracked 
|  28|0x00000000a3e00000, 0x00000000a3f00000, 0x00000000a3f00000|100%| O|  |TAMS 0x00000000a3f00000, 0x00000000a3e00000| Untracked 
|  29|0x00000000a3f00000, 0x00000000a4000000, 0x00000000a4000000|100%| O|  |TAMS 0x00000000a4000000, 0x00000000a3f00000| Untracked 
|  30|0x00000000a4000000, 0x00000000a4100000, 0x00000000a4100000|100%| O|  |TAMS 0x00000000a4100000, 0x00000000a4000000| Untracked 
|  31|0x00000000a4100000, 0x00000000a4200000, 0x00000000a4200000|100%| O|  |TAMS 0x00000000a4200000, 0x00000000a4100000| Untracked 
|  32|0x00000000a4200000, 0x00000000a4300000, 0x00000000a4300000|100%| O|  |TAMS 0x00000000a4300000, 0x00000000a4200000| Untracked 
|  33|0x00000000a4300000, 0x00000000a4400000, 0x00000000a4400000|100%| O|  |TAMS 0x00000000a4400000, 0x00000000a4300000| Untracked 
|  34|0x00000000a4400000, 0x00000000a4500000, 0x00000000a4500000|100%|HS|  |TAMS 0x00000000a4500000, 0x00000000a4400000| Complete 
|  35|0x00000000a4500000, 0x00000000a4600000, 0x00000000a4600000|100%|HC|  |TAMS 0x00000000a4600000, 0x00000000a4500000| Complete 
|  36|0x00000000a4600000, 0x00000000a4700000, 0x00000000a4700000|100%|HC|  |TAMS 0x00000000a4700000, 0x00000000a4600000| Complete 
|  37|0x00000000a4700000, 0x00000000a4800000, 0x00000000a4800000|100%|HC|  |TAMS 0x00000000a4800000, 0x00000000a4700000| Complete 
|  38|0x00000000a4800000, 0x00000000a4900000, 0x00000000a4900000|100%|HC|  |TAMS 0x00000000a4900000, 0x00000000a4800000| Complete 
|  39|0x00000000a4900000, 0x00000000a4a00000, 0x00000000a4a00000|100%|HC|  |TAMS 0x00000000a4a00000, 0x00000000a4900000| Complete 
|  40|0x00000000a4a00000, 0x00000000a4b00000, 0x00000000a4b00000|100%| O|  |TAMS 0x00000000a4b00000, 0x00000000a4a00000| Untracked 
|  41|0x00000000a4b00000, 0x00000000a4c00000, 0x00000000a4c00000|100%| O|  |TAMS 0x00000000a4c00000, 0x00000000a4b00000| Untracked 
|  42|0x00000000a4c00000, 0x00000000a4d00000, 0x00000000a4d00000|100%| O|  |TAMS 0x00000000a4d00000, 0x00000000a4c00000| Untracked 
|  43|0x00000000a4d00000, 0x00000000a4e00000, 0x00000000a4e00000|100%| O|  |TAMS 0x00000000a4e00000, 0x00000000a4d00000| Untracked 
|  44|0x00000000a4e00000, 0x00000000a4f00000, 0x00000000a4f00000|100%| O|  |TAMS 0x00000000a4f00000, 0x00000000a4e00000| Untracked 
|  45|0x00000000a4f00000, 0x00000000a5000000, 0x00000000a5000000|100%| O|  |TAMS 0x00000000a5000000, 0x00000000a4f00000| Untracked 
|  46|0x00000000a5000000, 0x00000000a5100000, 0x00000000a5100000|100%| O|  |TAMS 0x00000000a5100000, 0x00000000a5000000| Untracked 
|  47|0x00000000a5100000, 0x00000000a5200000, 0x00000000a5200000|100%| O|  |TAMS 0x00000000a5200000, 0x00000000a5100000| Untracked 
|  48|0x00000000a5200000, 0x00000000a5300000, 0x00000000a5300000|100%| O|  |TAMS 0x00000000a5300000, 0x00000000a5200000| Untracked 
|  49|0x00000000a5300000, 0x00000000a5400000, 0x00000000a5400000|100%| O|  |TAMS 0x00000000a5400000, 0x00000000a5300000| Untracked 
|  50|0x00000000a5400000, 0x00000000a5500000, 0x00000000a5500000|100%| O|  |TAMS 0x00000000a5500000, 0x00000000a5400000| Untracked 
|  51|0x00000000a5500000, 0x00000000a5600000, 0x00000000a5600000|100%| O|  |TAMS 0x00000000a5600000, 0x00000000a5500000| Untracked 
|  52|0x00000000a5600000, 0x00000000a5700000, 0x00000000a5700000|100%| O|  |TAMS 0x00000000a5700000, 0x00000000a5600000| Untracked 
|  53|0x00000000a5700000, 0x00000000a5800000, 0x00000000a5800000|100%| O|  |TAMS 0x00000000a5800000, 0x00000000a5700000| Untracked 
|  54|0x00000000a5800000, 0x00000000a5900000, 0x00000000a5900000|100%| O|  |TAMS 0x00000000a5900000, 0x00000000a5800000| Untracked 
|  55|0x00000000a5900000, 0x00000000a5a00000, 0x00000000a5a00000|100%| O|  |TAMS 0x00000000a5a00000, 0x00000000a5900000| Untracked 
|  56|0x00000000a5a00000, 0x00000000a5b00000, 0x00000000a5b00000|100%| O|  |TAMS 0x00000000a5b00000, 0x00000000a5a00000| Untracked 
|  57|0x00000000a5b00000, 0x00000000a5c00000, 0x00000000a5c00000|100%| O|  |TAMS 0x00000000a5c00000, 0x00000000a5b00000| Untracked 
|  58|0x00000000a5c00000, 0x00000000a5d00000, 0x00000000a5d00000|100%| O|  |TAMS 0x00000000a5d00000, 0x00000000a5c00000| Untracked 
|  59|0x00000000a5d00000, 0x00000000a5e00000, 0x00000000a5e00000|100%| O|  |TAMS 0x00000000a5e00000, 0x00000000a5d00000| Untracked 
|  60|0x00000000a5e00000, 0x00000000a5f00000, 0x00000000a5f00000|100%| O|  |TAMS 0x00000000a5f00000, 0x00000000a5e00000| Untracked 
|  61|0x00000000a5f00000, 0x00000000a6000000, 0x00000000a6000000|100%| O|  |TAMS 0x00000000a6000000, 0x00000000a5f00000| Untracked 
|  62|0x00000000a6000000, 0x00000000a6100000, 0x00000000a6100000|100%| O|  |TAMS 0x00000000a6100000, 0x00000000a6000000| Untracked 
|  63|0x00000000a6100000, 0x00000000a6200000, 0x00000000a6200000|100%| O|  |TAMS 0x00000000a6200000, 0x00000000a6100000| Untracked 
|  64|0x00000000a6200000, 0x00000000a6300000, 0x00000000a6300000|100%| O|  |TAMS 0x00000000a6300000, 0x00000000a6200000| Untracked 
|  65|0x00000000a6300000, 0x00000000a6400000, 0x00000000a6400000|100%| O|  |TAMS 0x00000000a6400000, 0x00000000a6300000| Untracked 
|  66|0x00000000a6400000, 0x00000000a6400000, 0x00000000a6500000|  0%| F|  |TAMS 0x00000000a6400000, 0x00000000a6400000| Untracked 
|  67|0x00000000a6500000, 0x00000000a6600000, 0x00000000a6600000|100%| O|  |TAMS 0x00000000a6600000, 0x00000000a6500000| Untracked 
|  68|0x00000000a6600000, 0x00000000a6700000, 0x00000000a6700000|100%| O|  |TAMS 0x00000000a6600000, 0x00000000a6600000| Untracked 
|  69|0x00000000a6700000, 0x00000000a6800000, 0x00000000a6800000|100%| O|  |TAMS 0x00000000a6700000, 0x00000000a6700000| Untracked 
|  70|0x00000000a6800000, 0x00000000a6900000, 0x00000000a6900000|100%| O|  |TAMS 0x00000000a6900000, 0x00000000a6800000| Untracked 
|  71|0x00000000a6900000, 0x00000000a6a00000, 0x00000000a6a00000|100%| O|  |TAMS 0x00000000a6a00000, 0x00000000a6900000| Untracked 
|  72|0x00000000a6a00000, 0x00000000a6b00000, 0x00000000a6b00000|100%| O|  |TAMS 0x00000000a6b00000, 0x00000000a6a00000| Untracked 
|  73|0x00000000a6b00000, 0x00000000a6c00000, 0x00000000a6c00000|100%| O|  |TAMS 0x00000000a6c00000, 0x00000000a6b00000| Untracked 
|  74|0x00000000a6c00000, 0x00000000a6c00000, 0x00000000a6d00000|  0%| F|  |TAMS 0x00000000a6c00000, 0x00000000a6c00000| Untracked 
|  75|0x00000000a6d00000, 0x00000000a6e00000, 0x00000000a6e00000|100%| O|  |TAMS 0x00000000a6d35800, 0x00000000a6d00000| Untracked 
|  76|0x00000000a6e00000, 0x00000000a6f00000, 0x00000000a6f00000|100%| O|  |TAMS 0x00000000a6e00000, 0x00000000a6e00000| Untracked 
|  77|0x00000000a6f00000, 0x00000000a7000000, 0x00000000a7000000|100%| O|  |TAMS 0x00000000a6f00000, 0x00000000a6f00000| Untracked 
|  78|0x00000000a7000000, 0x00000000a7100000, 0x00000000a7100000|100%| O|  |TAMS 0x00000000a7000000, 0x00000000a7000000| Untracked 
|  79|0x00000000a7100000, 0x00000000a7200000, 0x00000000a7200000|100%| O|  |TAMS 0x00000000a7100000, 0x00000000a7100000| Untracked 
|  80|0x00000000a7200000, 0x00000000a72df400, 0x00000000a7300000| 87%| O|  |TAMS 0x00000000a7200000, 0x00000000a7200000| Untracked 
|  81|0x00000000a7300000, 0x00000000a7300000, 0x00000000a7400000|  0%| F|  |TAMS 0x00000000a7300000, 0x00000000a7300000| Untracked 
|  82|0x00000000a7400000, 0x00000000a7400000, 0x00000000a7500000|  0%| F|  |TAMS 0x00000000a7400000, 0x00000000a7400000| Untracked 
|  83|0x00000000a7500000, 0x00000000a7500000, 0x00000000a7600000|  0%| F|  |TAMS 0x00000000a7500000, 0x00000000a7500000| Untracked 
|  84|0x00000000a7600000, 0x00000000a7600000, 0x00000000a7700000|  0%| F|  |TAMS 0x00000000a7600000, 0x00000000a7600000| Untracked 
|  85|0x00000000a7700000, 0x00000000a7700000, 0x00000000a7800000|  0%| F|  |TAMS 0x00000000a7700000, 0x00000000a7700000| Untracked 
|  86|0x00000000a7800000, 0x00000000a7800000, 0x00000000a7900000|  0%| F|  |TAMS 0x00000000a7800000, 0x00000000a7800000| Untracked 
|  87|0x00000000a7900000, 0x00000000a7900000, 0x00000000a7a00000|  0%| F|  |TAMS 0x00000000a7900000, 0x00000000a7900000| Untracked 
|  88|0x00000000a7a00000, 0x00000000a7a00000, 0x00000000a7b00000|  0%| F|  |TAMS 0x00000000a7a00000, 0x00000000a7a00000| Untracked 
|  89|0x00000000a7b00000, 0x00000000a7b00000, 0x00000000a7c00000|  0%| F|  |TAMS 0x00000000a7b00000, 0x00000000a7b00000| Untracked 
|  90|0x00000000a7c00000, 0x00000000a7c00000, 0x00000000a7d00000|  0%| F|  |TAMS 0x00000000a7c00000, 0x00000000a7c00000| Untracked 
|  91|0x00000000a7d00000, 0x00000000a7d00000, 0x00000000a7e00000|  0%| F|  |TAMS 0x00000000a7d00000, 0x00000000a7d00000| Untracked 
|  92|0x00000000a7e00000, 0x00000000a7e00000, 0x00000000a7f00000|  0%| F|  |TAMS 0x00000000a7e00000, 0x00000000a7e00000| Untracked 
|  93|0x00000000a7f00000, 0x00000000a7f00000, 0x00000000a8000000|  0%| F|  |TAMS 0x00000000a7f00000, 0x00000000a7f00000| Untracked 
|  94|0x00000000a8000000, 0x00000000a8000000, 0x00000000a8100000|  0%| F|  |TAMS 0x00000000a8000000, 0x00000000a8000000| Untracked 
|  95|0x00000000a8100000, 0x00000000a8100000, 0x00000000a8200000|  0%| F|  |TAMS 0x00000000a8100000, 0x00000000a8100000| Untracked 
|  96|0x00000000a8200000, 0x00000000a8200000, 0x00000000a8300000|  0%| F|  |TAMS 0x00000000a8200000, 0x00000000a8200000| Untracked 
|  97|0x00000000a8300000, 0x00000000a8300000, 0x00000000a8400000|  0%| F|  |TAMS 0x00000000a8300000, 0x00000000a8300000| Untracked 
|  98|0x00000000a8400000, 0x00000000a8400000, 0x00000000a8500000|  0%| F|  |TAMS 0x00000000a8400000, 0x00000000a8400000| Untracked 
|  99|0x00000000a8500000, 0x00000000a8500000, 0x00000000a8600000|  0%| F|  |TAMS 0x00000000a8500000, 0x00000000a8500000| Untracked 
| 100|0x00000000a8600000, 0x00000000a8600000, 0x00000000a8700000|  0%| F|  |TAMS 0x00000000a8600000, 0x00000000a8600000| Untracked 
| 101|0x00000000a8700000, 0x00000000a8700000, 0x00000000a8800000|  0%| F|  |TAMS 0x00000000a8700000, 0x00000000a8700000| Untracked 
| 102|0x00000000a8800000, 0x00000000a8800000, 0x00000000a8900000|  0%| F|  |TAMS 0x00000000a8800000, 0x00000000a8800000| Untracked 
| 103|0x00000000a8900000, 0x00000000a8900000, 0x00000000a8a00000|  0%| F|  |TAMS 0x00000000a8900000, 0x00000000a8900000| Untracked 
| 104|0x00000000a8a00000, 0x00000000a8a00000, 0x00000000a8b00000|  0%| F|  |TAMS 0x00000000a8a00000, 0x00000000a8a00000| Untracked 
| 105|0x00000000a8b00000, 0x00000000a8b00000, 0x00000000a8c00000|  0%| F|  |TAMS 0x00000000a8b00000, 0x00000000a8b00000| Untracked 
| 106|0x00000000a8c00000, 0x00000000a8c00000, 0x00000000a8d00000|  0%| F|  |TAMS 0x00000000a8c00000, 0x00000000a8c00000| Untracked 
| 107|0x00000000a8d00000, 0x00000000a8d00000, 0x00000000a8e00000|  0%| F|  |TAMS 0x00000000a8d00000, 0x00000000a8d00000| Untracked 
| 108|0x00000000a8e00000, 0x00000000a8e00000, 0x00000000a8f00000|  0%| F|  |TAMS 0x00000000a8e00000, 0x00000000a8e00000| Untracked 
| 109|0x00000000a8f00000, 0x00000000a8f00000, 0x00000000a9000000|  0%| F|  |TAMS 0x00000000a8f00000, 0x00000000a8f00000| Untracked 
| 110|0x00000000a9000000, 0x00000000a9100000, 0x00000000a9100000|100%| E|  |TAMS 0x00000000a9000000, 0x00000000a9000000| Complete 
| 111|0x00000000a9100000, 0x00000000a9200000, 0x00000000a9200000|100%| E|CS|TAMS 0x00000000a9100000, 0x00000000a9100000| Complete 
| 112|0x00000000a9200000, 0x00000000a9300000, 0x00000000a9300000|100%| E|CS|TAMS 0x00000000a9200000, 0x00000000a9200000| Complete 
| 113|0x00000000a9300000, 0x00000000a9400000, 0x00000000a9400000|100%| E|CS|TAMS 0x00000000a9300000, 0x00000000a9300000| Complete 
| 114|0x00000000a9400000, 0x00000000a9500000, 0x00000000a9500000|100%| E|CS|TAMS 0x00000000a9400000, 0x00000000a9400000| Complete 
| 115|0x00000000a9500000, 0x00000000a9600000, 0x00000000a9600000|100%| E|CS|TAMS 0x00000000a9500000, 0x00000000a9500000| Complete 
| 116|0x00000000a9600000, 0x00000000a9700000, 0x00000000a9700000|100%| E|CS|TAMS 0x00000000a9600000, 0x00000000a9600000| Complete 
| 117|0x00000000a9700000, 0x00000000a9800000, 0x00000000a9800000|100%| E|CS|TAMS 0x00000000a9700000, 0x00000000a9700000| Complete 
| 118|0x00000000a9800000, 0x00000000a9900000, 0x00000000a9900000|100%| E|CS|TAMS 0x00000000a9800000, 0x00000000a9800000| Complete 
| 119|0x00000000a9900000, 0x00000000a9a00000, 0x00000000a9a00000|100%| E|CS|TAMS 0x00000000a9900000, 0x00000000a9900000| Complete 
| 120|0x00000000a9a00000, 0x00000000a9b00000, 0x00000000a9b00000|100%| E|CS|TAMS 0x00000000a9a00000, 0x00000000a9a00000| Complete 
| 121|0x00000000a9b00000, 0x00000000a9c00000, 0x00000000a9c00000|100%| E|CS|TAMS 0x00000000a9b00000, 0x00000000a9b00000| Complete 
| 122|0x00000000a9c00000, 0x00000000a9d00000, 0x00000000a9d00000|100%| E|CS|TAMS 0x00000000a9c00000, 0x00000000a9c00000| Complete 
| 123|0x00000000a9d00000, 0x00000000a9e00000, 0x00000000a9e00000|100%| E|CS|TAMS 0x00000000a9d00000, 0x00000000a9d00000| Complete 
| 124|0x00000000a9e00000, 0x00000000a9f00000, 0x00000000a9f00000|100%| E|CS|TAMS 0x00000000a9e00000, 0x00000000a9e00000| Complete 
| 125|0x00000000a9f00000, 0x00000000aa000000, 0x00000000aa000000|100%| E|CS|TAMS 0x00000000a9f00000, 0x00000000a9f00000| Complete 
| 126|0x00000000aa000000, 0x00000000aa100000, 0x00000000aa100000|100%| E|CS|TAMS 0x00000000aa000000, 0x00000000aa000000| Complete 
| 127|0x00000000aa100000, 0x00000000aa200000, 0x00000000aa200000|100%| E|CS|TAMS 0x00000000aa100000, 0x00000000aa100000| Complete 
| 128|0x00000000aa200000, 0x00000000aa300000, 0x00000000aa300000|100%| E|CS|TAMS 0x00000000aa200000, 0x00000000aa200000| Complete 
| 129|0x00000000aa300000, 0x00000000aa400000, 0x00000000aa400000|100%| E|CS|TAMS 0x00000000aa300000, 0x00000000aa300000| Complete 
| 130|0x00000000aa400000, 0x00000000aa500000, 0x00000000aa500000|100%| E|CS|TAMS 0x00000000aa400000, 0x00000000aa400000| Complete 
| 131|0x00000000aa500000, 0x00000000aa600000, 0x00000000aa600000|100%| E|CS|TAMS 0x00000000aa500000, 0x00000000aa500000| Complete 
| 132|0x00000000aa600000, 0x00000000aa700000, 0x00000000aa700000|100%| E|CS|TAMS 0x00000000aa600000, 0x00000000aa600000| Complete 
| 133|0x00000000aa700000, 0x00000000aa800000, 0x00000000aa800000|100%| E|CS|TAMS 0x00000000aa700000, 0x00000000aa700000| Complete 
| 134|0x00000000aa800000, 0x00000000aa900000, 0x00000000aa900000|100%| E|CS|TAMS 0x00000000aa800000, 0x00000000aa800000| Complete 
| 135|0x00000000aa900000, 0x00000000aaa00000, 0x00000000aaa00000|100%| E|CS|TAMS 0x00000000aa900000, 0x00000000aa900000| Complete 
| 136|0x00000000aaa00000, 0x00000000aab00000, 0x00000000aab00000|100%| E|CS|TAMS 0x00000000aaa00000, 0x00000000aaa00000| Complete 
| 137|0x00000000aab00000, 0x00000000aac00000, 0x00000000aac00000|100%| E|CS|TAMS 0x00000000aab00000, 0x00000000aab00000| Complete 
| 138|0x00000000aac00000, 0x00000000aad00000, 0x00000000aad00000|100%| E|CS|TAMS 0x00000000aac00000, 0x00000000aac00000| Complete 
| 139|0x00000000aad00000, 0x00000000aae00000, 0x00000000aae00000|100%| E|CS|TAMS 0x00000000aad00000, 0x00000000aad00000| Complete 
| 140|0x00000000aae00000, 0x00000000aaf00000, 0x00000000aaf00000|100%| E|CS|TAMS 0x00000000aae00000, 0x00000000aae00000| Complete 
| 141|0x00000000aaf00000, 0x00000000ab000000, 0x00000000ab000000|100%| E|CS|TAMS 0x00000000aaf00000, 0x00000000aaf00000| Complete 
| 142|0x00000000ab000000, 0x00000000ab100000, 0x00000000ab100000|100%| E|CS|TAMS 0x00000000ab000000, 0x00000000ab000000| Complete 
| 143|0x00000000ab100000, 0x00000000ab200000, 0x00000000ab200000|100%| E|CS|TAMS 0x00000000ab100000, 0x00000000ab100000| Complete 
| 144|0x00000000ab200000, 0x00000000ab300000, 0x00000000ab300000|100%| E|CS|TAMS 0x00000000ab200000, 0x00000000ab200000| Complete 
| 145|0x00000000ab300000, 0x00000000ab400000, 0x00000000ab400000|100%| E|CS|TAMS 0x00000000ab300000, 0x00000000ab300000| Complete 
| 146|0x00000000ab400000, 0x00000000ab500000, 0x00000000ab500000|100%| E|CS|TAMS 0x00000000ab400000, 0x00000000ab400000| Complete 
| 147|0x00000000ab500000, 0x00000000ab600000, 0x00000000ab600000|100%| E|CS|TAMS 0x00000000ab500000, 0x00000000ab500000| Complete 
| 148|0x00000000ab600000, 0x00000000ab700000, 0x00000000ab700000|100%| E|CS|TAMS 0x00000000ab600000, 0x00000000ab600000| Complete 
| 149|0x00000000ab700000, 0x00000000ab800000, 0x00000000ab800000|100%| E|CS|TAMS 0x00000000ab700000, 0x00000000ab700000| Complete 
| 150|0x00000000ab800000, 0x00000000ab900000, 0x00000000ab900000|100%| E|CS|TAMS 0x00000000ab800000, 0x00000000ab800000| Complete 
| 151|0x00000000ab900000, 0x00000000aba00000, 0x00000000aba00000|100%| E|CS|TAMS 0x00000000ab900000, 0x00000000ab900000| Complete 
| 152|0x00000000aba00000, 0x00000000abb00000, 0x00000000abb00000|100%| E|CS|TAMS 0x00000000aba00000, 0x00000000aba00000| Complete 
| 153|0x00000000abb00000, 0x00000000abc00000, 0x00000000abc00000|100%| E|CS|TAMS 0x00000000abb00000, 0x00000000abb00000| Complete 
| 154|0x00000000abc00000, 0x00000000abd00000, 0x00000000abd00000|100%| E|CS|TAMS 0x00000000abc00000, 0x00000000abc00000| Complete 
| 155|0x00000000abd00000, 0x00000000abe00000, 0x00000000abe00000|100%| E|CS|TAMS 0x00000000abd00000, 0x00000000abd00000| Complete 
| 156|0x00000000abe00000, 0x00000000abe9c3f0, 0x00000000abf00000| 61%| S|CS|TAMS 0x00000000abe00000, 0x00000000abe00000| Complete 
| 157|0x00000000abf00000, 0x00000000ac000000, 0x00000000ac000000|100%| E|CS|TAMS 0x00000000abf00000, 0x00000000abf00000| Complete 
| 158|0x00000000ac000000, 0x00000000ac100000, 0x00000000ac100000|100%| E|CS|TAMS 0x00000000ac000000, 0x00000000ac000000| Complete 
| 159|0x00000000ac100000, 0x00000000ac200000, 0x00000000ac200000|100%| E|CS|TAMS 0x00000000ac100000, 0x00000000ac100000| Complete 
| 160|0x00000000ac200000, 0x00000000ac300000, 0x00000000ac300000|100%| E|CS|TAMS 0x00000000ac200000, 0x00000000ac200000| Complete 
|1497|0x00000000ffb00000, 0x00000000ffc00000, 0x00000000ffc00000|100%| O|  |TAMS 0x00000000ffc00000, 0x00000000ffb00000| Untracked 
|1498|0x00000000ffc00000, 0x00000000ffd00000, 0x00000000ffd00000|100%| E|CS|TAMS 0x00000000ffc00000, 0x00000000ffc00000| Complete 
|1499|0x00000000ffd00000, 0x00000000ffe00000, 0x00000000ffe00000|100%| O|  |TAMS 0x00000000ffe00000, 0x00000000ffd00000| Untracked 
|1500|0x00000000ffe00000, 0x00000000fff00000, 0x00000000fff00000|100%| O|  |TAMS 0x00000000fff00000, 0x00000000ffe00000| Untracked 
|1501|0x00000000fff00000, 0x0000000100000000, 0x0000000100000000|100%| O|  |TAMS 0x0000000100000000, 0x00000000fff00000| Untracked 

Card table byte_map: [0x000002ca44d00000,0x000002ca44ff0000] _byte_map_base: 0x000002ca447ef000

Marking Bits (Prev, Next): (CMBitMap*) 0x000002ca2d97d6e0, (CMBitMap*) 0x000002ca2d97d6a0
 Prev Bits: [0x000002ca46a60000, 0x000002ca481d8000)
 Next Bits: [0x000002ca452e0000, 0x000002ca46a58000)

Polling page: 0x000002ca2d110000

Metaspace:

Usage:
  Non-class:     68.37 MB used.
      Class:      8.13 MB used.
       Both:     76.50 MB used.

Virtual space:
  Non-class space:       72.00 MB reserved,      68.56 MB ( 95%) committed,  9 nodes.
      Class space:        1.00 GB reserved,       8.31 MB ( <1%) committed,  1 nodes.
             Both:        1.07 GB reserved,      76.88 MB (  7%) committed. 

Chunk freelists:
   Non-Class:  3.48 MB
       Class:  3.58 MB
        Both:  7.06 MB

MaxMetaspaceSize: unlimited
CompressedClassSpaceSize: 1.00 GB
Initial GC threshold: 21.00 MB
Current GC threshold: 108.69 MB
CDS: on
MetaspaceReclaimPolicy: balanced
 - commit_granule_bytes: 65536.
 - commit_granule_words: 8192.
 - virtual_space_node_default_size: 1048576.
 - enlarge_chunks_in_place: 1.
 - new_chunks_are_fully_committed: 0.
 - uncommit_free_chunks: 1.
 - use_allocation_guard: 0.
 - handle_deallocations: 1.


Internal statistics:

num_allocs_failed_limit: 6.
num_arena_births: 366.
num_arena_deaths: 0.
num_vsnodes_births: 10.
num_vsnodes_deaths: 0.
num_space_committed: 1228.
num_space_uncommitted: 0.
num_chunks_returned_to_freelist: 6.
num_chunks_taken_from_freelist: 3156.
num_chunk_merges: 6.
num_chunk_splits: 2563.
num_chunks_enlarged: 2263.
num_purges: 0.
num_inconsistent_stats: 0.

CodeHeap 'non-profiled nmethods': size=119168Kb used=7930Kb max_used=7930Kb free=111237Kb
 bounds [0x000002ca3cd30000, 0x000002ca3d4f0000, 0x000002ca44190000]
CodeHeap 'profiled nmethods': size=119104Kb used=47613Kb max_used=47613Kb free=71490Kb
 bounds [0x000002ca358e0000, 0x000002ca38770000, 0x000002ca3cd30000]
CodeHeap 'non-nmethods': size=7488Kb used=3095Kb max_used=3166Kb free=4392Kb
 bounds [0x000002ca35190000, 0x000002ca354f0000, 0x000002ca358e0000]
 total_blobs=15842 nmethods=15105 adapters=643
 compilation: enabled
              stopped_count=0, restarted_count=0
 full_count=0

Compilation events (20 events):
Event: 35.986 Thread 0x000002ca4b152540 nmethod 17839 0x000002ca38726210 code [0x000002ca38726540, 0x000002ca38727dc8]
Event: 35.986 Thread 0x000002ca4c33c900 nmethod 17847 0x000002ca38728590 code [0x000002ca38728720, 0x000002ca38728828]
Event: 35.986 Thread 0x000002ca57dd0820 nmethod 17845 0x000002ca38728910 code [0x000002ca38728ae0, 0x000002ca38728f18]
Event: 35.986 Thread 0x000002ca57dd0820 17848       3       kotlin.text.StringsKt__StringsKt$splitToSequence$1::invoke (9 bytes)
Event: 35.986 Thread 0x000002ca4b152540 17849       3       kotlin.text.StringsKt__StringsKt$splitToSequence$1::invoke (15 bytes)
Event: 35.986 Thread 0x000002ca4c33c900 17850       3       kotlin.sequences.DropSequence$iterator$1::next (14 bytes)
Event: 35.986 Thread 0x000002ca4c33c900 nmethod 17850 0x000002ca38729010 code [0x000002ca387291c0, 0x000002ca387293d8]
Event: 35.986 Thread 0x000002ca4c33c900 17851       3       org.jetbrains.kotlin.codegen.inline.SMAP$special$$inlined$sortedBy$1::compare (45 bytes)
Event: 35.986 Thread 0x000002ca57dd0820 nmethod 17848 0x000002ca38729490 code [0x000002ca387296c0, 0x000002ca38729e28]
Event: 35.986 Thread 0x000002ca4b152540 nmethod 17849 0x000002ca3872a090 code [0x000002ca3872a2a0, 0x000002ca3872a888]
Event: 35.986 Thread 0x000002ca57dd0820 17852       3       kotlin.sequences.DropSequence$iterator$1::hasNext (14 bytes)
Event: 35.986 Thread 0x000002ca4b152540 17853       3       org.jetbrains.kotlin.codegen.inline.SMAP::findRange (45 bytes)
Event: 35.987 Thread 0x000002ca57dd0820 nmethod 17852 0x000002ca3872ab10 code [0x000002ca3872acc0, 0x000002ca3872aed8]
Event: 35.987 Thread 0x000002ca57dd0820 17854       3       org.jetbrains.kotlin.com.intellij.util.containers.hash.LinkedHashMap$Entry::access$402 (7 bytes)
Event: 35.987 Thread 0x000002ca4ec7fa30 nmethod 17846 0x000002ca3872af90 code [0x000002ca3872b240, 0x000002ca3872c0a8]
Event: 35.987 Thread 0x000002ca4c33c900 nmethod 17851 0x000002ca3872c590 code [0x000002ca3872c7c0, 0x000002ca3872d248]
Event: 35.987 Thread 0x000002ca4b152540 nmethod 17853 0x000002ca3872d590 code [0x000002ca3872d760, 0x000002ca3872dc78]
Event: 35.987 Thread 0x000002ca57dd0820 nmethod 17854 0x000002ca3872de10 code [0x000002ca3872dfa0, 0x000002ca3872e0d8]
Event: 35.987 Thread 0x000002ca57dd0820 17855       3       org.jetbrains.kotlin.codegen.inline.SourceMapCopier::<init> (43 bytes)
Event: 35.988 Thread 0x000002ca4c33c900 17856       3       org.jetbrains.org.objectweb.asm.commons.LocalVariablesSorter::remap (118 bytes)

GC Heap History (20 events):
Event: 26.082 GC heap before
{Heap before GC invocations=13 (full 0):
 garbage-first heap   total 141312K, used 108405K [0x00000000a2200000, 0x0000000100000000)
  region size 1024K, 49 young (50176K), 6 survivors (6144K)
 Metaspace       used 54948K, committed 55296K, reserved 1097728K
  class space    used 6330K, committed 6528K, reserved 1048576K
}
Event: 26.097 GC heap after
{Heap after GC invocations=14 (full 0):
 garbage-first heap   total 141312K, used 69075K [0x00000000a2200000, 0x0000000100000000)
  region size 1024K, 5 young (5120K), 5 survivors (5120K)
 Metaspace       used 54948K, committed 55296K, reserved 1097728K
  class space    used 6330K, committed 6528K, reserved 1048576K
}
Event: 26.664 GC heap before
{Heap before GC invocations=14 (full 0):
 garbage-first heap   total 141312K, used 79315K [0x00000000a2200000, 0x0000000100000000)
  region size 1024K, 16 young (16384K), 5 survivors (5120K)
 Metaspace       used 55336K, committed 55680K, reserved 1105920K
  class space    used 6342K, committed 6528K, reserved 1048576K
}
Event: 26.675 GC heap after
{Heap after GC invocations=15 (full 0):
 garbage-first heap   total 141312K, used 70854K [0x00000000a2200000, 0x0000000100000000)
  region size 1024K, 2 young (2048K), 2 survivors (2048K)
 Metaspace       used 55336K, committed 55680K, reserved 1105920K
  class space    used 6342K, committed 6528K, reserved 1048576K
}
Event: 28.300 GC heap before
{Heap before GC invocations=16 (full 0):
 garbage-first heap   total 141312K, used 112838K [0x00000000a2200000, 0x0000000100000000)
  region size 1024K, 42 young (43008K), 2 survivors (2048K)
 Metaspace       used 56070K, committed 56448K, reserved 1105920K
  class space    used 6385K, committed 6592K, reserved 1048576K
}
Event: 28.310 GC heap after
{Heap after GC invocations=17 (full 0):
 garbage-first heap   total 141312K, used 74472K [0x00000000a2200000, 0x0000000100000000)
  region size 1024K, 6 young (6144K), 6 survivors (6144K)
 Metaspace       used 56070K, committed 56448K, reserved 1105920K
  class space    used 6385K, committed 6592K, reserved 1048576K
}
Event: 28.363 GC heap before
{Heap before GC invocations=17 (full 0):
 garbage-first heap   total 141312K, used 75496K [0x00000000a2200000, 0x0000000100000000)
  region size 1024K, 7 young (7168K), 6 survivors (6144K)
 Metaspace       used 56084K, committed 56448K, reserved 1105920K
  class space    used 6385K, committed 6592K, reserved 1048576K
}
Event: 28.371 GC heap after
{Heap after GC invocations=18 (full 0):
 garbage-first heap   total 141312K, used 74110K [0x00000000a2200000, 0x0000000100000000)
  region size 1024K, 1 young (1024K), 1 survivors (1024K)
 Metaspace       used 56084K, committed 56448K, reserved 1105920K
  class space    used 6385K, committed 6592K, reserved 1048576K
}
Event: 29.765 GC heap before
{Heap before GC invocations=18 (full 0):
 garbage-first heap   total 141312K, used 113022K [0x00000000a2200000, 0x0000000100000000)
  region size 1024K, 39 young (39936K), 1 survivors (1024K)
 Metaspace       used 56532K, committed 56896K, reserved 1105920K
  class space    used 6404K, committed 6592K, reserved 1048576K
}
Event: 29.774 GC heap after
{Heap after GC invocations=19 (full 0):
 garbage-first heap   total 141312K, used 77473K [0x00000000a2200000, 0x0000000100000000)
  region size 1024K, 5 young (5120K), 5 survivors (5120K)
 Metaspace       used 56532K, committed 56896K, reserved 1105920K
  class space    used 6404K, committed 6592K, reserved 1048576K
}
Event: 31.042 GC heap before
{Heap before GC invocations=20 (full 0):
 garbage-first heap   total 141312K, used 115361K [0x00000000a2200000, 0x0000000100000000)
  region size 1024K, 40 young (40960K), 5 survivors (5120K)
 Metaspace       used 57789K, committed 58176K, reserved 1105920K
  class space    used 6517K, committed 6720K, reserved 1048576K
}
Event: 31.053 GC heap after
{Heap after GC invocations=21 (full 0):
 garbage-first heap   total 141312K, used 81894K [0x00000000a2200000, 0x0000000100000000)
  region size 1024K, 3 young (3072K), 3 survivors (3072K)
 Metaspace       used 57789K, committed 58176K, reserved 1105920K
  class space    used 6517K, committed 6720K, reserved 1048576K
}
Event: 31.114 GC heap before
{Heap before GC invocations=21 (full 0):
 garbage-first heap   total 141312K, used 84966K [0x00000000a2200000, 0x0000000100000000)
  region size 1024K, 6 young (6144K), 3 survivors (3072K)
 Metaspace       used 57829K, committed 58240K, reserved 1105920K
  class space    used 6521K, committed 6720K, reserved 1048576K
}
Event: 31.121 GC heap after
{Heap after GC invocations=22 (full 0):
 garbage-first heap   total 169984K, used 81614K [0x00000000a2200000, 0x0000000100000000)
  region size 1024K, 1 young (1024K), 1 survivors (1024K)
 Metaspace       used 57829K, committed 58240K, reserved 1105920K
  class space    used 6521K, committed 6720K, reserved 1048576K
}
Event: 33.036 GC heap before
{Heap before GC invocations=22 (full 0):
 garbage-first heap   total 169984K, used 135886K [0x00000000a2200000, 0x0000000100000000)
  region size 1024K, 54 young (55296K), 1 survivors (1024K)
 Metaspace       used 66040K, committed 66432K, reserved 1114112K
  class space    used 7309K, committed 7488K, reserved 1048576K
}
Event: 33.044 GC heap after
{Heap after GC invocations=23 (full 0):
 garbage-first heap   total 169984K, used 85862K [0x00000000a2200000, 0x0000000100000000)
  region size 1024K, 5 young (5120K), 5 survivors (5120K)
 Metaspace       used 66040K, committed 66432K, reserved 1114112K
  class space    used 7309K, committed 7488K, reserved 1048576K
}
Event: 34.348 GC heap before
{Heap before GC invocations=24 (full 0):
 garbage-first heap   total 169984K, used 135014K [0x00000000a2200000, 0x0000000100000000)
  region size 1024K, 55 young (56320K), 5 survivors (5120K)
 Metaspace       used 73137K, committed 73536K, reserved 1114112K
  class space    used 7976K, committed 8192K, reserved 1048576K
}
Event: 34.360 GC heap after
{Heap after GC invocations=25 (full 0):
 garbage-first heap   total 169984K, used 86432K [0x00000000a2200000, 0x0000000100000000)
  region size 1024K, 3 young (3072K), 3 survivors (3072K)
 Metaspace       used 73137K, committed 73536K, reserved 1114112K
  class space    used 7976K, committed 8192K, reserved 1048576K
}
Event: 34.653 GC heap before
{Heap before GC invocations=25 (full 0):
 garbage-first heap   total 169984K, used 91552K [0x00000000a2200000, 0x0000000100000000)
  region size 1024K, 8 young (8192K), 3 survivors (3072K)
 Metaspace       used 73376K, committed 73792K, reserved 1122304K
  class space    used 7988K, committed 8192K, reserved 1048576K
}
Event: 34.660 GC heap after
{Heap after GC invocations=26 (full 0):
 garbage-first heap   total 169984K, used 85485K [0x00000000a2200000, 0x0000000100000000)
  region size 1024K, 1 young (1024K), 1 survivors (1024K)
 Metaspace       used 73376K, committed 73792K, reserved 1122304K
  class space    used 7988K, committed 8192K, reserved 1048576K
}

Deoptimization events (20 events):
Event: 35.420 Thread 0x000002ca2d945eb0 Uncommon trap: trap_request=0xffffff45 fr.pc=0x000002ca3d3231b8 relative=0x0000000000000378
Event: 35.420 Thread 0x000002ca2d945eb0 Uncommon trap: reason=unstable_if action=reinterpret pc=0x000002ca3d3231b8 method=org.jetbrains.org.objectweb.asm.ByteVector.putUTF8(Ljava/lang/String;)Lorg/jetbrains/org/objectweb/asm/ByteVector; @ 100 c2
Event: 35.421 Thread 0x000002ca2d945eb0 DEOPT PACKING pc=0x000002ca3d3231b8 sp=0x000000d4beefdc80
Event: 35.421 Thread 0x000002ca2d945eb0 DEOPT UNPACKING pc=0x000002ca351e23a3 sp=0x000000d4beefdc00 mode 2
Event: 35.565 Thread 0x000002ca2d945eb0 Uncommon trap: trap_request=0xffffffc6 fr.pc=0x000002ca3d325620 relative=0x00000000000008c0
Event: 35.565 Thread 0x000002ca2d945eb0 Uncommon trap: reason=bimorphic_or_optimized_type_check action=maybe_recompile pc=0x000002ca3d325620 method=org.jetbrains.kotlin.codegen.optimization.common.FastMethodAnalyzer.mergeControlFlowEdge(ILorg/jetbrains/org/objectweb/asm/tree/analysis/Frame;Z)V 
Event: 35.565 Thread 0x000002ca2d945eb0 DEOPT PACKING pc=0x000002ca3d325620 sp=0x000000d4beefdcb0
Event: 35.565 Thread 0x000002ca2d945eb0 DEOPT UNPACKING pc=0x000002ca351e23a3 sp=0x000000d4beefdc38 mode 2
Event: 35.570 Thread 0x000002ca2d945eb0 Uncommon trap: trap_request=0xffffff45 fr.pc=0x000002ca3cf5f8cc relative=0x000000000000004c
Event: 35.571 Thread 0x000002ca2d945eb0 Uncommon trap: reason=unstable_if action=reinterpret pc=0x000002ca3cf5f8cc method=org.jetbrains.kotlin.protobuf.CodedOutputStream.computeRawVarint32Size(I)I @ 14 c2
Event: 35.571 Thread 0x000002ca2d945eb0 DEOPT PACKING pc=0x000002ca3cf5f8cc sp=0x000000d4beefddc0
Event: 35.571 Thread 0x000002ca2d945eb0 DEOPT UNPACKING pc=0x000002ca351e23a3 sp=0x000000d4beefdd58 mode 2
Event: 35.694 Thread 0x000002ca2d945eb0 Uncommon trap: trap_request=0xffffff45 fr.pc=0x000002ca3d2fc414 relative=0x00000000000025b4
Event: 35.694 Thread 0x000002ca2d945eb0 Uncommon trap: reason=unstable_if action=reinterpret pc=0x000002ca3d2fc414 method=org.jetbrains.org.objectweb.asm.tree.analysis.Frame.execute(Lorg/jetbrains/org/objectweb/asm/tree/AbstractInsnNode;Lorg/jetbrains/org/objectweb/asm/tree/analysis/Interpreter
Event: 35.694 Thread 0x000002ca2d945eb0 DEOPT PACKING pc=0x000002ca3d2fc414 sp=0x000000d4beefdae0
Event: 35.694 Thread 0x000002ca2d945eb0 DEOPT UNPACKING pc=0x000002ca351e23a3 sp=0x000000d4beefdac0 mode 2
Event: 35.924 Thread 0x000002ca2d945eb0 Uncommon trap: trap_request=0xffffff45 fr.pc=0x000002ca3d2ee44c relative=0x000000000000012c
Event: 35.924 Thread 0x000002ca2d945eb0 Uncommon trap: reason=unstable_if action=reinterpret pc=0x000002ca3d2ee44c method=org.jetbrains.kotlin.codegen.optimization.DeadCodeEliminationMethodTransformer.shouldRemove(Lorg/jetbrains/org/objectweb/asm/tree/AbstractInsnNode;I[Z)Z @ 95 c2
Event: 35.924 Thread 0x000002ca2d945eb0 DEOPT PACKING pc=0x000002ca3d2ee44c sp=0x000000d4beefde60
Event: 35.924 Thread 0x000002ca2d945eb0 DEOPT UNPACKING pc=0x000002ca351e23a3 sp=0x000000d4beefdde0 mode 2

Classes unloaded (0 events):
No events

Classes redefined (0 events):
No events

Internal exceptions (20 events):
Event: 22.397 Thread 0x000002ca2d945eb0 Exception <a 'java/lang/NoSuchMethodError'{0x00000000aa464a88}: 'java.lang.Object java.lang.invoke.DirectMethodHandle$Holder.invokeStaticInit(java.lang.Object, java.lang.Object, java.lang.Object)'> (0x00000000aa464a88) 
thrown [t:\workspace\open\src\hotspot\share\interpreter\linkResolver.cpp, line 766]
Event: 22.403 Thread 0x000002ca2d945eb0 Exception <a 'java/lang/NoSuchMethodError'{0x00000000aa49f628}: 'java.lang.Object java.lang.invoke.DirectMethodHandle$Holder.newInvokeSpecial(java.lang.Object, int, java.lang.Object)'> (0x00000000aa49f628) 
thrown [t:\workspace\open\src\hotspot\share\interpreter\linkResolver.cpp, line 766]
Event: 22.404 Thread 0x000002ca2d945eb0 Exception <a 'java/lang/NoSuchMethodError'{0x00000000aa4a61b8}: 'int java.lang.invoke.DirectMethodHandle$Holder.invokeInterface(java.lang.Object, java.lang.Object)'> (0x00000000aa4a61b8) 
thrown [t:\workspace\open\src\hotspot\share\interpreter\linkResolver.cpp, line 766]
Event: 22.406 Thread 0x000002ca2d945eb0 Implicit null exception at 0x000002ca3cdd506a to 0x000002ca3cdd5238
Event: 22.406 Thread 0x000002ca2d945eb0 Implicit null exception at 0x000002ca3cd747ec to 0x000002ca3cd74a20
Event: 23.377 Thread 0x000002ca2d945eb0 Exception <a 'java/lang/NoSuchMethodError'{0x00000000a8472be0}: 'java.lang.Object java.lang.invoke.DirectMethodHandle$Holder.newInvokeSpecial(java.lang.Object, java.lang.Object, java.lang.Object, java.lang.Object, java.lang.Object, java.lang.Object)'> (0x00000000a8472be0) 
thrown [t:\workspace\open\src\hotspot\share\interpreter\linkResolver.cpp, line 766]
Event: 23.671 Thread 0x000002ca2d945eb0 Implicit null exception at 0x000002ca3d0706df to 0x000002ca3d0745bc
Event: 23.726 Thread 0x000002ca2d945eb0 Implicit null exception at 0x000002ca3d0a3679 to 0x000002ca3d0a39f9
Event: 24.346 Thread 0x000002ca2d945eb0 Exception <a 'java/lang/NoSuchMethodError'{0x00000000aa1618f0}: 'java.lang.Object java.lang.invoke.DirectMethodHandle$Holder.newInvokeSpecial(java.lang.Object, java.lang.Object, java.lang.Object, java.lang.Object, java.lang.Object, java.lang.Object, java.lang.Object)'> (0x00000000aa1618f0) 
thrown [t:\workspace\open\src\hotspot\share\interpreter\linkResolver.cpp, line 766]
Event: 24.347 Thread 0x000002ca2d945eb0 Exception <a 'java/lang/NoSuchMethodError'{0x00000000aa1664a8}: 'java.lang.Object java.lang.invoke.Invokers$Holder.linkToTargetMethod(java.lang.Object, java.lang.Object, java.lang.Object, java.lang.Object, java.lang.Object, java.lang.Object, java.lang.Object)'> (0x00000000aa1664a8) 
thrown [t:\workspace\open\src\hotspot\share\interpreter\linkResolver.cpp, line 766]
Event: 24.579 Thread 0x000002ca2d945eb0 Exception <a 'java/lang/NoSuchMethodError'{0x00000000a9e8fea0}: 'java.lang.Object java.lang.invoke.DirectMethodHandle$Holder.invokeInterface(java.lang.Object, java.lang.Object, java.lang.Object)'> (0x00000000a9e8fea0) 
thrown [t:\workspace\open\src\hotspot\share\interpreter\linkResolver.cpp, line 766]
Event: 24.579 Thread 0x000002ca2d945eb0 Exception <a 'java/lang/IncompatibleClassChangeError'{0x00000000a9e93810}: Found class java.lang.Object, but interface was expected> (0x00000000a9e93810) 
thrown [t:\workspace\open\src\hotspot\share\interpreter\linkResolver.cpp, line 833]
Event: 24.659 Thread 0x000002ca2d945eb0 Implicit null exception at 0x000002ca3d0cc8c9 to 0x000002ca3d0ce220
Event: 24.716 Thread 0x000002ca2d945eb0 Implicit null exception at 0x000002ca3d0f79a5 to 0x000002ca3d0f95c0
Event: 25.188 Thread 0x000002ca2d945eb0 Implicit null exception at 0x000002ca3cd9f16d to 0x000002ca3cd9f390
Event: 25.414 Thread 0x000002ca2d945eb0 Exception <a 'java/lang/NoSuchMethodError'{0x00000000a8d3f4b8}: 'int java.lang.invoke.DirectMethodHandle$Holder.invokeStaticInit(java.lang.Object, int)'> (0x00000000a8d3f4b8) 
thrown [t:\workspace\open\src\hotspot\share\interpreter\linkResolver.cpp, line 766]
Event: 31.687 Thread 0x000002ca2d945eb0 Exception <a 'java/lang/NoSuchMethodError'{0x00000000ab4338d0}: 'int java.lang.invoke.DirectMethodHandle$Holder.invokeStaticInit(java.lang.Object, java.lang.Object, java.lang.Object, java.lang.Object)'> (0x00000000ab4338d0) 
thrown [t:\workspace\open\src\hotspot\share\interpreter\linkResolver.cpp, line 766]
Event: 32.049 Thread 0x000002ca2d945eb0 Exception <a 'java/lang/NoSuchMethodError'{0x00000000aa912fb8}: 'java.lang.Object java.lang.invoke.DirectMethodHandle$Holder.newInvokeSpecial(java.lang.Object, java.lang.Object, java.lang.Object, int, int)'> (0x00000000aa912fb8) 
thrown [t:\workspace\open\src\hotspot\share\interpreter\linkResolver.cpp, line 766]
Event: 32.050 Thread 0x000002ca2d945eb0 Exception <a 'java/lang/NoSuchMethodError'{0x00000000aa916df8}: 'java.lang.Object java.lang.invoke.DirectMethodHandle$Holder.invokeSpecial(java.lang.Object, java.lang.Object, java.lang.Object, java.lang.Object, int, int)'> (0x00000000aa916df8) 
thrown [t:\workspace\open\src\hotspot\share\interpreter\linkResolver.cpp, line 766]
Event: 32.450 Thread 0x000002ca2d945eb0 Exception <a 'java/lang/NoSuchMethodError'{0x00000000a9d6abb0}: 'java.lang.Object java.lang.invoke.DirectMethodHandle$Holder.invokeSpecial(java.lang.Object, java.lang.Object, int, int, java.lang.Object, java.lang.Object, java.lang.Object, java.lang.Object, java.lang.Object)'> (0x00000000a9d6abb0) 
thrown [t:\workspace\open\src\hotspot\share\interpreter\linkResolver.cpp, line 766]

VM Operations (20 events):
Event: 34.989 Executing VM operation: ICBufferFull
Event: 34.989 Executing VM operation: ICBufferFull done
Event: 35.015 Executing VM operation: HandshakeAllThreads
Event: 35.015 Executing VM operation: HandshakeAllThreads done
Event: 35.114 Executing VM operation: HandshakeAllThreads
Event: 35.114 Executing VM operation: HandshakeAllThreads done
Event: 35.141 Executing VM operation: HandshakeAllThreads
Event: 35.141 Executing VM operation: HandshakeAllThreads done
Event: 35.153 Executing VM operation: ICBufferFull
Event: 35.154 Executing VM operation: ICBufferFull done
Event: 35.227 Executing VM operation: HandshakeAllThreads
Event: 35.228 Executing VM operation: HandshakeAllThreads done
Event: 35.299 Executing VM operation: ICBufferFull
Event: 35.300 Executing VM operation: ICBufferFull done
Event: 35.471 Executing VM operation: ICBufferFull
Event: 35.472 Executing VM operation: ICBufferFull done
Event: 35.665 Executing VM operation: ICBufferFull
Event: 35.666 Executing VM operation: ICBufferFull done
Event: 35.868 Executing VM operation: ICBufferFull
Event: 35.869 Executing VM operation: ICBufferFull done

Events (20 events):
Event: 35.296 Thread 0x000002ca4b155e60 flushing nmethod 0x000002ca37a6e990
Event: 35.297 Thread 0x000002ca4b155e60 flushing nmethod 0x000002ca37ab3810
Event: 35.297 Thread 0x000002ca4b155e60 flushing nmethod 0x000002ca37afa490
Event: 35.297 Thread 0x000002ca4b155e60 flushing nmethod 0x000002ca37afbc10
Event: 35.297 Thread 0x000002ca4b155e60 flushing nmethod 0x000002ca37b19210
Event: 35.297 Thread 0x000002ca4b155e60 flushing nmethod 0x000002ca37b1ba90
Event: 35.297 Thread 0x000002ca4b155e60 flushing nmethod 0x000002ca37b1fa10
Event: 35.297 Thread 0x000002ca4b155e60 flushing nmethod 0x000002ca37b4ee10
Event: 35.297 Thread 0x000002ca4b155e60 flushing nmethod 0x000002ca37b54090
Event: 35.297 Thread 0x000002ca4b155e60 flushing nmethod 0x000002ca37b57b90
Event: 35.297 Thread 0x000002ca4b155e60 flushing nmethod 0x000002ca37b58990
Event: 35.297 Thread 0x000002ca4b155e60 flushing nmethod 0x000002ca37b5aa90
Event: 35.297 Thread 0x000002ca4b155e60 flushing nmethod 0x000002ca37b5b590
Event: 35.297 Thread 0x000002ca4b155e60 flushing nmethod 0x000002ca37b6fd90
Event: 35.297 Thread 0x000002ca4b155e60 flushing nmethod 0x000002ca37b7b910
Event: 35.297 Thread 0x000002ca4b155e60 flushing nmethod 0x000002ca37b7d890
Event: 35.297 Thread 0x000002ca4b155e60 flushing nmethod 0x000002ca37b82410
Event: 35.297 Thread 0x000002ca4b155e60 flushing nmethod 0x000002ca37b8ee10
Event: 35.299 Thread 0x000002ca4b155e60 flushing nmethod 0x000002ca37d19a10
Event: 35.299 Thread 0x000002ca4b155e60 flushing nmethod 0x000002ca37e0b910


Dynamic libraries:
0x00007ff63b960000 - 0x00007ff63b970000 	C:\Program Files\Java\jdk-17.0.2\bin\java.exe
0x00007fff4d5f0000 - 0x00007fff4d807000 	C:\WINDOWS\SYSTEM32\ntdll.dll
0x00007fff4d4a0000 - 0x00007fff4d564000 	C:\WINDOWS\System32\KERNEL32.DLL
0x00007fff4ac20000 - 0x00007fff4afc5000 	C:\WINDOWS\System32\KERNELBASE.dll
0x00007fff4b090000 - 0x00007fff4b1a1000 	C:\WINDOWS\System32\ucrtbase.dll
0x00007fff28830000 - 0x00007fff2884a000 	C:\Program Files\Java\jdk-17.0.2\bin\VCRUNTIME140.dll
0x00007fff264b0000 - 0x00007fff264c8000 	C:\Program Files\Java\jdk-17.0.2\bin\jli.dll
0x00007fff4c410000 - 0x00007fff4c4c1000 	C:\WINDOWS\System32\ADVAPI32.dll
0x00007fff4b3f0000 - 0x00007fff4b497000 	C:\WINDOWS\System32\msvcrt.dll
0x00007fff4b340000 - 0x00007fff4b3e6000 	C:\WINDOWS\System32\sechost.dll
0x00007fff4caf0000 - 0x00007fff4cc07000 	C:\WINDOWS\System32\RPCRT4.dll
0x00007fff4c260000 - 0x00007fff4c40e000 	C:\WINDOWS\System32\USER32.dll
0x00007fff4ab50000 - 0x00007fff4ab76000 	C:\WINDOWS\System32\win32u.dll
0x00007fff22810000 - 0x00007fff22aa3000 	C:\WINDOWS\WinSxS\amd64_microsoft.windows.common-controls_6595b64144ccf1df_6.0.22621.2506_none_270c5ae97388e100\COMCTL32.dll
0x00007fff4d580000 - 0x00007fff4d5a9000 	C:\WINDOWS\System32\GDI32.dll
0x00007fff4b1b0000 - 0x00007fff4b2c9000 	C:\WINDOWS\System32\gdi32full.dll
0x00007fff4ab80000 - 0x00007fff4ac1a000 	C:\WINDOWS\System32\msvcp_win.dll
0x00007fff429a0000 - 0x00007fff429aa000 	C:\WINDOWS\SYSTEM32\VERSION.dll
0x00007fff4d080000 - 0x00007fff4d0b1000 	C:\WINDOWS\System32\IMM32.DLL
0x00007fff36d90000 - 0x00007fff36d9c000 	C:\Program Files\Java\jdk-17.0.2\bin\vcruntime140_1.dll
0x00007ffebdc80000 - 0x00007ffebdd0d000 	C:\Program Files\Java\jdk-17.0.2\bin\msvcp140.dll
0x00007ffe6ff20000 - 0x00007ffe70ae1000 	C:\Program Files\Java\jdk-17.0.2\bin\server\jvm.dll
0x00007fff4cae0000 - 0x00007fff4cae8000 	C:\WINDOWS\System32\PSAPI.DLL
0x00007fff30db0000 - 0x00007fff30db9000 	C:\WINDOWS\SYSTEM32\WSOCK32.dll
0x00007fff42b30000 - 0x00007fff42b64000 	C:\WINDOWS\SYSTEM32\WINMM.dll
0x00007fff4c970000 - 0x00007fff4c9e1000 	C:\WINDOWS\System32\WS2_32.dll
0x00007fff498d0000 - 0x00007fff498e8000 	C:\WINDOWS\SYSTEM32\kernel.appcore.dll
0x00007fff32f50000 - 0x00007fff32f5a000 	C:\Program Files\Java\jdk-17.0.2\bin\jimage.dll
0x00007fff482e0000 - 0x00007fff48513000 	C:\WINDOWS\SYSTEM32\DBGHELP.DLL
0x00007fff4bd10000 - 0x00007fff4c099000 	C:\WINDOWS\System32\combase.dll
0x00007fff4d0c0000 - 0x00007fff4d197000 	C:\WINDOWS\System32\OLEAUT32.dll
0x00007fff361a0000 - 0x00007fff361d2000 	C:\WINDOWS\SYSTEM32\dbgcore.DLL
0x00007fff4aad0000 - 0x00007fff4ab4a000 	C:\WINDOWS\System32\bcryptPrimitives.dll
0x00007fff1fed0000 - 0x00007fff1fef5000 	C:\Program Files\Java\jdk-17.0.2\bin\java.dll
0x00007ffe7bc70000 - 0x00007ffe7bd46000 	C:\Program Files\Java\jdk-17.0.2\bin\jsvml.dll
0x00007fff4b4b0000 - 0x00007fff4bd09000 	C:\WINDOWS\System32\SHELL32.dll
0x00007fff48830000 - 0x00007fff49124000 	C:\WINDOWS\SYSTEM32\windows.storage.dll
0x00007fff486f0000 - 0x00007fff4882e000 	C:\WINDOWS\SYSTEM32\wintypes.dll
0x00007fff4d2f0000 - 0x00007fff4d3e3000 	C:\WINDOWS\System32\SHCORE.dll
0x00007fff4cf00000 - 0x00007fff4cf5e000 	C:\WINDOWS\System32\shlwapi.dll
0x00007fff4a890000 - 0x00007fff4a8b6000 	C:\WINDOWS\SYSTEM32\profapi.dll
0x00007fff20060000 - 0x00007fff20079000 	C:\Program Files\Java\jdk-17.0.2\bin\net.dll
0x00007fff43f80000 - 0x00007fff440b7000 	C:\WINDOWS\SYSTEM32\WINHTTP.dll
0x00007fff49dc0000 - 0x00007fff49e29000 	C:\WINDOWS\system32\mswsock.dll
0x00007fff1feb0000 - 0x00007fff1fec6000 	C:\Program Files\Java\jdk-17.0.2\bin\nio.dll
0x00007fff1daa0000 - 0x00007fff1dab8000 	C:\Program Files\Java\jdk-17.0.2\bin\zip.dll
0x00007fff38d60000 - 0x00007fff38d70000 	C:\Program Files\Java\jdk-17.0.2\bin\verify.dll

dbghelp: loaded successfully - version: 4.0.5 - missing functions: none
symbol engine: initialized successfully - sym options: 0x614 - pdb path: .;C:\Program Files\Java\jdk-17.0.2\bin;C:\WINDOWS\SYSTEM32;C:\WINDOWS\WinSxS\amd64_microsoft.windows.common-controls_6595b64144ccf1df_6.0.22621.2506_none_270c5ae97388e100;C:\Program Files\Java\jdk-17.0.2\bin\server

VM Arguments:
java_command: org.jetbrains.kotlin.cli.jvm.K2JVMCompiler @D:\Kuliah\Semester 5\Praktikum\PGPBL\ACARA7\AwesomeProject\node_modules\@react-native\gradle-plugin\build\20231201_5255395092356019050.compiler.options
java_class_path (initial): C:\Users\lenle\.gradle\caches\modules-2\files-2.1\org.jetbrains.kotlin\kotlin-compiler-embeddable\1.7.22\1a39d9a56c9d1618300cd3444f070a5399663403\kotlin-compiler-embeddable-1.7.22.jar;C:\Users\lenle\.gradle\caches\modules-2\files-2.1\org.jetbrains.kotlin\kotlin-reflect\1.7.22\e61a16c5c838d324529a6aa72dfb88ea98958a29\kotlin-reflect-1.7.22.jar;C:\Users\lenle\.gradle\caches\modules-2\files-2.1\org.jetbrains.kotlin\kotlin-stdlib\1.7.22\9fb43bccb6cf8cfaaf3776c75f5df4f052f09b72\kotlin-stdlib-1.7.22.jar;C:\Users\lenle\.gradle\caches\modules-2\files-2.1\org.jetbrains.kotlin\kotlin-script-runtime\1.7.22\703a4d56168f3517532bc04481e3c8b751f685cb\kotlin-script-runtime-1.7.22.jar;C:\Users\lenle\.gradle\caches\modules-2\files-2.1\org.jetbrains.kotlin\kotlin-daemon-embeddable\1.7.22\a4f231458e1bb6fffbb8e1224f97d20a3ecc9c83\kotlin-daemon-embeddable-1.7.22.jar;C:\Users\lenle\.gradle\caches\modules-2\files-2.1\org.jetbrains.intellij.deps\trove4j\1.0.20200330\3afb14d5f9ceb459d724e907a21145e8ff394f02\trove4j-1.0.20200330.jar;C:\Users\lenle\.gradle\caches\modules-2\files-2.1\net.java.dev.jna\jna\5.6.0\330f2244e9030119ab3030fc3fededc86713d9cc\jna-5.6.0.jar;C:\Users\lenle\.gradle\caches\modules-2\files-2.1\org.jetbrains.kotlin\kotlin-stdlib-common\1.7.22\5dd2c9dcf64c94b46cf4bdb6fa4035b9bb726e2e\kotlin-stdlib-common-1.7.22.jar;C:\Users\lenle\.gradle\caches\modules-2\files-2.1\org.jetbrains\annotations\13.0\919f0dfe192fb4e063e7dacadee7f8bb9a2672a9\annotations-13.0.jar
Launcher Type: SUN_STANDARD

[Global flags]
     intx CICompilerCount                          = 12                                        {product} {ergonomic}
     uint ConcGCThreads                            = 3                                         {product} {ergonomic}
     uint G1ConcRefinementThreads                  = 13                                        {product} {ergonomic}
   size_t G1HeapRegionSize                         = 1048576                                   {product} {ergonomic}
    uintx GCDrainStackTargetSize                   = 64                                        {product} {ergonomic}
   size_t InitialHeapSize                          = 98566144                                  {product} {ergonomic}
   size_t MarkStackSize                            = 4194304                                   {product} {ergonomic}
   size_t MaxHeapSize                              = 1574961152                                {product} {ergonomic}
   size_t MaxNewSize                               = 944766976                                 {product} {ergonomic}
   size_t MinHeapDeltaBytes                        = 1048576                                   {product} {ergonomic}
   size_t MinHeapSize                              = 8388608                                   {product} {ergonomic}
    uintx NonNMethodCodeHeapSize                   = 7602480                                {pd product} {ergonomic}
    uintx NonProfiledCodeHeapSize                  = 122027880                              {pd product} {ergonomic}
    uintx ProfiledCodeHeapSize                     = 122027880                              {pd product} {ergonomic}
    uintx ReservedCodeCacheSize                    = 251658240                              {pd product} {ergonomic}
     bool SegmentedCodeCache                       = true                                      {product} {ergonomic}
   size_t SoftMaxHeapSize                          = 1574961152                             {manageable} {ergonomic}
     bool UseCompressedClassPointers               = true                           {product lp64_product} {ergonomic}
     bool UseCompressedOops                        = true                           {product lp64_product} {ergonomic}
     bool UseG1GC                                  = true                                      {product} {ergonomic}
     bool UseLargePagesIndividualAllocation        = false                                  {pd product} {ergonomic}

Logging:
Log output configuration:
 #0: stdout all=warning uptime,level,tags
 #1: stderr all=off uptime,level,tags

Environment Variables:
JAVA_HOME=C:\Program Files\Java\jdk-17.0.2
CLASSPATH=D:\Kuliah\Semester 5\Praktikum\PGPBL\ACARA7\AwesomeProject\android\\gradle\wrapper\gradle-wrapper.jar
PATH=D:\Kuliah\Semester 5\Praktikum\PGPBL\ACARA7\AwesomeProject\node_modules\.bin;D:\Kuliah\Semester 5\Praktikum\PGPBL\ACARA7\AwesomeProject\node_modules\.bin;D:\Kuliah\Semester 5\Praktikum\PGPBL\ACARA7\node_modules\.bin;D:\Kuliah\Semester 5\Praktikum\PGPBL\node_modules\.bin;D:\Kuliah\Semester 5\Praktikum\node_modules\.bin;D:\Kuliah\Semester 5\node_modules\.bin;D:\Kuliah\node_modules\.bin;D:\node_modules\.bin;C:\Program Files\nodejs\node_modules\npm\node_modules\@npmcli\run-script\lib\node-gyp-bin;D:\Kuliah\Semester 5\Praktikum\PGPBL\ACARA7\AwesomeProject\node_modules\.bin;D:\Kuliah\Semester 5\Praktikum\PGPBL\ACARA7\node_modules\.bin;D:\Kuliah\Semester 5\Praktikum\PGPBL\node_modules\.bin;D:\Kuliah\Semester 5\Praktikum\node_modules\.bin;D:\Kuliah\Semester 5\node_modules\.bin;D:\Kuliah\node_modules\.bin;D:\node_modules\.bin;C:\Program Files\nodejs\node_modules\npm\node_modules\@npmcli\run-script\lib\node-gyp-bin;C:\Program Files\Eclipse Adoptium\jdk-11.0.20.101-hotspot\bin;C:\Program Files (x86)\Common Files\Intel\Shared Libraries\redist\intel64\compiler;C:\Python27;C:\PCI Geomatics\Geomatica 2015\exe;C:\Program Files\Common Files\Oracle\Java\javapath;C:\Program Files (x86)\Common Files\Oracle\Java\javapath;C:\WINDOWS\system32;C:\WINDOWS;C:\WINDOWS\System32\Wbem;C:\WINDOWS\System32\WindowsPowerShell\v1.0\;C:\WINDOWS\System32\OpenSSH\;C:\Program Files\dotnet\;C:\dev\MapWinGIS;C:\Program Files\Git\cmd;C:\WINDOWS\system32;C:\WINDOWS;C:\WINDOWS\System32\Wbem;C:\WINDOWS\System32\WindowsPowerShell\v1.0\;C:\WINDOWS\System32\OpenSSH\;C:\ProgramData\ComposerSetup\bin;C:\xampp\php;C:\ProgramData\chocolatey\bin;C:\Program Files\nodejs\;C:\Users\lenle\AppData\Local\Programs\Python\Python39\Scripts\;C:\Users\lenle\AppData\Local\Programs\Python\Python39\;C:\Users\lenle\AppData\Local\Programs\Python\Python310\Scripts\;C:\Users\lenle\AppData\Local\Programs\Python\Python310;C:\Program Files\MySQL\MySQL Shell 8.0\bin\;C:\Users\lenle\AppData\Local\Microsoft\WindowsApps;C:\Users\lenle\AppDa
USERNAME=lenle
LANG=en_US.UTF-8
OS=Windows_NT
PROCESSOR_IDENTIFIER=AMD64 Family 23 Model 104 Stepping 1, AuthenticAMD



---------------  S Y S T E M  ---------------

OS:
 Windows 11 , 64 bit Build 22621 (10.0.22621.2506)
OS uptime: 0 days 7:18 hours
Hyper-V role detected

CPU: total 16 (initial active 16) (16 cores per cpu, 2 threads per core) family 23 model 104 stepping 1 microcode 0x0, cx8, cmov, fxsr, ht, mmx, 3dnowpref, sse, sse2, sse3, ssse3, sse4a, sse4.1, sse4.2, popcnt, lzcnt, tsc, tscinvbit, avx, avx2, aes, clmul, bmi1, bmi2, adx, sha, fma, vzeroupper, clflush, clflushopt, hv

Memory: 4k page, system-wide physical 6005M (1108M free)
TotalPageFile size 21357M (AvailPageFile size 0M)
current process WorkingSet (physical memory assigned to process): 464M, peak: 464M
current process commit charge ("private bytes"): 523M, peak: 523M

vm_info: Java HotSpot(TM) 64-Bit Server VM (17.0.2+8-LTS-86) for windows-amd64 JRE (17.0.2+8-LTS-86), built on Dec  7 2021 21:51:03 by "mach5one" with MS VC++ 16.8 / 16.9 (VS2019)

END.
